2024-05-09 13:48:36: Script started
2024-05-09 13:48:36: Writing ALL existing articles in processed_mass
2024-05-09 13:48:37: starting cycle: 0
2024-05-09 13:58:38: starting cycle: 1
2024-05-09 14:08:39: starting cycle: 2
=============================================================
Article title: Russia sees window of opportunity to expand attacks as Ukraine awaits further US aid, officials say
Author of article: ByJim Sciutto, CNN
Article summary: Western intelligence believes Russia is seeking to exploit what it sees as a “window of opportunity” to further step up air and ground attacks on Ukraine to take advantage of the time it will take new weapons and ammunition from the newly passed US military aid package to arrive in significant quantities, three officials with direct knowledge of the latest assessments told CNN.
Article URL: /2024/05/09/politics/russia-window-of-opportunity-ukraine-war/index.html
Found Keywords in article: Republican
=============================================================
2024-05-09 14:18:40: starting cycle: 3
2024-05-09 14:28:41: starting cycle: 4
2024-05-09 14:38:43: starting cycle: 5
=============================================================
Article title: How Rupert Murdoch quietly helped Mike Johnson survive Marjorie Taylor Greene’s ouster attempt
Author of article: Analysis byOliver Darcy, CNN
Article summary: Rupert Murdoch might not be flexing for the cameras, but he did just quietly demonstrate the power he still wields inside the Republican Party.
Article URL: /2024/05/09/media/rupert-murdoch-mike-johnson-marjorie-taylor-greene/index.html
Found Keywords in article: Republican, Democratic, Democrats, GOP
=============================================================
2024-05-09 14:48:44: starting cycle: 6
2024-05-09 14:58:46: starting cycle: 7
2024-05-09 15:08:46: starting cycle: 8
2024-05-09 15:18:47: starting cycle: 9
2024-05-09 15:28:49: starting cycle: 10
2024-05-09 15:38:51: starting cycle: 11
2024-05-09 15:48:51: starting cycle: 12
2024-05-09 15:58:52: starting cycle: 13
2024-05-09 16:08:54: starting cycle: 14
2024-05-09 16:18:55: starting cycle: 15
=============================================================
Article title: Trump asks NY appeals court to expedite the appeal of the gag order in hush money case
Author of article: ByKara Scannell,Lauren del ValleandNicki Brown, CNN
Article summary: Lawyers for Donald Trump asked a New York appeals court to rule on their challenge to the gag order limiting what the former president can say about witnesses in the criminal hush money trial, according to people familiar with the matter.
Article URL: /2024/05/08/politics/trump-gag-order-appeal-new-york-appeal/index.html
Found Keywords in article: Republican
=============================================================
2024-05-09 16:28:56: starting cycle: 16
2024-05-09 16:38:57: starting cycle: 17
2024-05-09 16:48:58: starting cycle: 18
2024-05-09 16:58:59: starting cycle: 19
2024-05-09 17:08:59: starting cycle: 20
2024-05-09 17:19:01: starting cycle: 21
2024-05-09 17:29:02: starting cycle: 22
2024-05-09 17:39:02: starting cycle: 23
2024-05-09 17:49:04: Script shutdown
