2024-05-15 06:32:43: Script started
2024-05-15 06:32:43: Writing ALL existing articles in processed_mass
2024-05-15 06:32:43: starting cycle: 0
2024-05-15 06:42:44: starting cycle: 1
2024-05-15 06:52:44: starting cycle: 2
=============================================================
Article title: Cohen gets a breather after bruising cross-examination as Trump looks on
Author of article: Analysis byStephen Collinson, CNN
Article summary: It would be no surprise if the jury in Donald Trump’s first criminal trial now sees his former fixer, Michael Cohen, as a profane social media troll and vengeful liar who dreams of seeing the boss he once worshipped behind bars.
Article URL: /2024/05/15/politics/michael-cohen-donald-trump-analysis/index.html
Found Keywords in article: Republican, GOP
=============================================================
2024-05-15 07:02:49: starting cycle: 3
2024-05-15 07:12:49: starting cycle: 4
2024-05-15 07:22:50: starting cycle: 5
2024-05-15 07:32:51: starting cycle: 6
2024-05-15 07:42:52: starting cycle: 7
2024-05-15 07:52:52: starting cycle: 8
2024-05-15 08:02:54: starting cycle: 9
2024-05-15 08:12:55: starting cycle: 10
=============================================================
Article title: Exclusive: US intelligence spotted Chinese, Iranian deepfakes in 2020 aimed at influencing US voters
Author of article: ByZachary Cohen,Sean LyngaasandEvan Perez, CNN
Article summary: Operatives working for the Chinese and Iranian governments prepared fake, AI-generated content as part of a campaign to influence US voters in the closing weeks of the 2020 election campaign, current and former US officials briefed on the intelligence told CNN.
Article URL: /2024/05/15/politics/us-intelligence-china-iran-deepfakes-2020-election/index.html
Found Keywords in article: Republican, Democrats
=============================================================
2024-05-15 08:22:57: starting cycle: 11
2024-05-15 08:32:57: starting cycle: 12
2024-05-15 08:42:58: starting cycle: 13
2024-05-15 08:52:59: starting cycle: 14
2024-05-15 09:03:00: starting cycle: 15
2024-05-15 09:13:01: starting cycle: 16
2024-05-15 09:23:02: starting cycle: 17
2024-05-15 09:33:03: starting cycle: 18
2024-05-15 09:43:04: starting cycle: 19
2024-05-15 09:53:05: starting cycle: 20
2024-05-15 10:03:06: starting cycle: 21
2024-05-15 10:13:07: starting cycle: 22
2024-05-15 10:23:08: starting cycle: 23
2024-05-15 10:33:08: Script shutdown
